<?xml version="1.0" encoding="UTF-8"?>
<!-- Generated by org.testng.reporters.JUnitReportReporter -->
<testsuite hostname="Rajis-Air.attlocal.net" failures="0" tests="4" name="raji.tests.submitordertest" time="38.402" errors="0" timestamp="2024-02-16T10:42:33 EST" skipped="0">
  <testcase classname="raji.tests.submitordertest" name="samplestandalonetest" time="11.556"/>
  <system-out/>
  <testcase classname="raji.tests.submitordertest" name="samplestandalonetest" time="9.741"/>
  <system-out/>
  <testcase classname="raji.tests.submitordertest" name="samplestandalonetest" time="8.579"/>
  <system-out/>
  <testcase classname="raji.tests.submitordertest" name="orderhistorytest" time="8.526"/>
  <system-out/>
</testsuite> <!-- raji.tests.submitordertest -->
